#
# There is insufficient memory for the Java Runtime Environment to continue.
# Native memory allocation (malloc) failed to allocate 1048576 bytes for AllocateHeap
# Possible reasons:
#   The system is out of physical RAM or swap space
#   The process is running with CompressedOops enabled, and the Java Heap may be blocking the growth of the native heap
# Possible solutions:
#   Reduce memory load on the system
#   Increase physical memory or swap space
#   Check if swap backing store is full
#   Decrease Java heap size (-Xmx/-Xms)
#   Decrease number of Java threads
#   Decrease Java thread stack sizes (-Xss)
#   Set larger code cache with -XX:ReservedCodeCacheSize=
#   JVM is running with Unscaled Compressed Oops mode in which the Java heap is
#     placed in the first 4GB address space. The Java Heap base address is the
#     maximum limit for the native heap growth. Please use -XX:HeapBaseMinAddress
#     to set the Java Heap base and to place the Java Heap above 4GB virtual address.
# This output file may be truncated or incomplete.
#
#  Out of Memory Error (allocation.cpp:44), pid=18920, tid=15684
#
# JRE version: OpenJDK Runtime Environment Temurin-17.0.8.1+1 (17.0.8.1+1) (build 17.0.8.1+1)
# Java VM: OpenJDK 64-Bit Server VM Temurin-17.0.8.1+1 (17.0.8.1+1, mixed mode, emulated-client, tiered, compressed oops, compressed class ptrs, g1 gc, windows-amd64)
# No core dump will be written. Minidumps are not enabled by default on client versions of Windows
#

---------------  S U M M A R Y ------------

Command Line: -XX:+HeapDumpOnOutOfMemoryError -Xmx1024m -Dsts.lsp.client=vscode -Dsts.log.file=/dev/null -XX:TieredStopAtLevel=1 -Xlog:jni+resolve=off -Dspring.config.location=file:c:\Users\Jose\.vscode\extensions\vmware.vscode-spring-boot-1.50.0\language-server\BOOT-INF\classes\application.properties org.springframework.ide.vscode.boot.app.BootLanguageServerBootApp

Host: Intel(R) Core(TM) i5-8250U CPU @ 1.60GHz, 8 cores, 15G,  Windows 10 , 64 bit Build 19041 (10.0.19041.3636)
Time: Wed Nov 22 21:06:20 2023 Hora oficial do Brasil elapsed time: 172524.350030 seconds (1d 23h 55m 24s)

---------------  T H R E A D  ---------------

Current thread (0x000001dd433451a0):  VMThread "VM Thread" [stack: 0x000000c766d00000,0x000000c766e00000] [id=15684]

Stack: [0x000000c766d00000,0x000000c766e00000]
Native frames: (J=compiled Java code, j=interpreted, Vv=VM code, C=native code)
V  [jvm.dll+0x678b0a]
V  [jvm.dll+0x835e84]
V  [jvm.dll+0x83762e]
V  [jvm.dll+0x837c93]
V  [jvm.dll+0x24746f]
V  [jvm.dll+0xa697b]
V  [jvm.dll+0x2f7eb3]
V  [jvm.dll+0x2f3b80]
V  [jvm.dll+0x2dc1c7]
V  [jvm.dll+0x31f227]
V  [jvm.dll+0x83c15b]
V  [jvm.dll+0x83ce94]
V  [jvm.dll+0x83d3ac]
V  [jvm.dll+0x83d784]
V  [jvm.dll+0x83d850]
V  [jvm.dll+0x7e64ca]
V  [jvm.dll+0x677955]
C  [ucrtbase.dll+0x21bb2]
C  [KERNEL32.DLL+0x17344]
C  [ntdll.dll+0x526b1]

VM_Operation (0x000000c7685fed10): G1CollectFull, mode: safepoint, requested by thread 0x000001dd486b72c0


---------------  P R O C E S S  ---------------

Threads class SMR info:
_java_thread_list=0x000001dd48999770, length=27, elements={
0x000001dd43348ab0, 0x000001dd43349840, 0x000001dd433916f0, 0x000001dd43394390,
0x000001dd43396070, 0x000001dd43396940, 0x000001dd43399220, 0x000001dd43399b30,
0x000001dd435a51f0, 0x000001dd435af130, 0x000001dd48687030, 0x000001dd486b72c0,
0x000001dd486b77a0, 0x000001dd384f4f10, 0x000001dd49167770, 0x000001dd493ced50,
0x000001dd493de730, 0x000001dd493dec40, 0x000001dd493df150, 0x000001dd49647ec0,
0x000001dd4964c5a0, 0x000001dd49646a80, 0x000001dd49646f90, 0x000001dd49649d20,
0x000001dd49649300, 0x000001dd4964b160, 0x000001dd4964b670
}

Java Threads: ( => current thread )
  0x000001dd43348ab0 JavaThread "Reference Handler" daemon [_thread_blocked, id=10384, stack(0x000000c766e00000,0x000000c766f00000)]
  0x000001dd43349840 JavaThread "Finalizer" daemon [_thread_blocked, id=18992, stack(0x000000c766f00000,0x000000c767000000)]
  0x000001dd433916f0 JavaThread "Signal Dispatcher" daemon [_thread_blocked, id=8212, stack(0x000000c767000000,0x000000c767100000)]
  0x000001dd43394390 JavaThread "Attach Listener" daemon [_thread_blocked, id=7192, stack(0x000000c767100000,0x000000c767200000)]
  0x000001dd43396070 JavaThread "Service Thread" daemon [_thread_blocked, id=16208, stack(0x000000c767200000,0x000000c767300000)]
  0x000001dd43396940 JavaThread "Monitor Deflation Thread" daemon [_thread_blocked, id=14028, stack(0x000000c767300000,0x000000c767400000)]
  0x000001dd43399220 JavaThread "C1 CompilerThread0" daemon [_thread_blocked, id=18928, stack(0x000000c767400000,0x000000c767500000)]
  0x000001dd43399b30 JavaThread "Sweeper thread" daemon [_thread_blocked, id=17640, stack(0x000000c767500000,0x000000c767600000)]
  0x000001dd435a51f0 JavaThread "Notification Thread" daemon [_thread_blocked, id=22832, stack(0x000000c767600000,0x000000c767700000)]
  0x000001dd435af130 JavaThread "Common-Cleaner" daemon [_thread_blocked, id=21904, stack(0x000000c767800000,0x000000c767900000)]
  0x000001dd48687030 JavaThread "boundedElastic-evictor-1" daemon [_thread_blocked, id=2544, stack(0x000000c768000000,0x000000c768100000)]
  0x000001dd486b72c0 JavaThread "pool-11-thread-1" [_thread_blocked, id=4268, stack(0x000000c768500000,0x000000c768600000)]
  0x000001dd486b77a0 JavaThread "LanguageServerApp-lifecycle" [_thread_blocked, id=17732, stack(0x000000c768600000,0x000000c768700000)]
  0x000001dd384f4f10 JavaThread "DestroyJavaVM" [_thread_blocked, id=20340, stack(0x000000c766700000,0x000000c766800000)]
  0x000001dd49167770 JavaThread "pool-12-thread-1" [_thread_in_native, id=12892, stack(0x000000c768700000,0x000000c768800000)]
  0x000001dd493ced50 JavaThread "Simple-Language-Server main thread" daemon [_thread_blocked, id=18240, stack(0x000000c768800000,0x000000c768900000)]
  0x000001dd493de730 JavaThread "parallel-1" daemon [_thread_blocked, id=21716, stack(0x000000c768c00000,0x000000c768d00000)]
  0x000001dd493dec40 JavaThread "pool-5-thread-1" [_thread_blocked, id=14056, stack(0x000000c768d00000,0x000000c768e00000)]
  0x000001dd493df150 JavaThread "parallel-2" daemon [_thread_blocked, id=22204, stack(0x000000c768e00000,0x000000c768f00000)]
  0x000001dd49647ec0 JavaThread "parallel-3" daemon [_thread_blocked, id=10676, stack(0x000000c769200000,0x000000c769300000)]
  0x000001dd4964c5a0 JavaThread "parallel-4" daemon [_thread_blocked, id=15176, stack(0x000000c769400000,0x000000c769500000)]
  0x000001dd49646a80 JavaThread "parallel-5" daemon [_thread_blocked, id=11560, stack(0x000000c769500000,0x000000c769600000)]
  0x000001dd49646f90 JavaThread "parallel-6" daemon [_thread_blocked, id=22512, stack(0x000000c769600000,0x000000c769700000)]
  0x000001dd49649d20 JavaThread "parallel-7" daemon [_thread_blocked, id=12944, stack(0x000000c769700000,0x000000c769800000)]
  0x000001dd49649300 JavaThread "Reconciler-1" daemon [_thread_blocked, id=22028, stack(0x000000c769f00000,0x000000c76a000000)]
  0x000001dd4964b160 JavaThread "pool-7-thread-1" [_thread_blocked, id=17648, stack(0x000000c768200000,0x000000c768300000)]
  0x000001dd4964b670 JavaThread "parallel-8" daemon [_thread_blocked, id=6932, stack(0x000000c769000000,0x000000c769100000)]

Other Threads:
=>0x000001dd433451a0 VMThread "VM Thread" [stack: 0x000000c766d00000,0x000000c766e00000] [id=15684]
  0x000001dd435a56d0 WatcherThread [stack: 0x000000c767700000,0x000000c767800000] [id=2008]
  0x000001dd38531030 GCTaskThread "GC Thread#0" [stack: 0x000000c766800000,0x000000c766900000] [id=22136]
  0x000001dd4891ab20 GCTaskThread "GC Thread#1" [stack: 0x000000c767a00000,0x000000c767b00000] [id=14092]
  0x000001dd48906ef0 GCTaskThread "GC Thread#2" [stack: 0x000000c767b00000,0x000000c767c00000] [id=19968]
  0x000001dd489080e0 GCTaskThread "GC Thread#3" [stack: 0x000000c767c00000,0x000000c767d00000] [id=20376]
  0x000001dd489083a0 GCTaskThread "GC Thread#4" [stack: 0x000000c767d00000,0x000000c767e00000] [id=15720]
  0x000001dd4896c030 GCTaskThread "GC Thread#5" [stack: 0x000000c767e00000,0x000000c767f00000] [id=14952]
  0x000001dd48bac860 GCTaskThread "GC Thread#6" [stack: 0x000000c767f00000,0x000000c768000000] [id=16820]
  0x000001dd48df8810 GCTaskThread "GC Thread#7" [stack: 0x000000c768300000,0x000000c768400000] [id=4720]
  0x000001dd38539e90 ConcurrentGCThread "G1 Main Marker" [stack: 0x000000c766900000,0x000000c766a00000] [id=14656]
  0x000001dd3853a7b0 ConcurrentGCThread "G1 Conc#0" [stack: 0x000000c766a00000,0x000000c766b00000] [id=6376]
  0x000001dd48ca0a00 ConcurrentGCThread "G1 Conc#1" [stack: 0x000000c768400000,0x000000c768500000] [id=19440]
  0x000001dd385ae880 ConcurrentGCThread "G1 Refine#0" [stack: 0x000000c766b00000,0x000000c766c00000] [id=9204]
  0x000001dd49bface0 ConcurrentGCThread "G1 Refine#1" [stack: 0x000000c76a100000,0x000000c76a200000] [id=16696]
  0x000001dd431b8770 ConcurrentGCThread "G1 Service" [stack: 0x000000c766c00000,0x000000c766d00000] [id=5588]

Threads with active compile tasks:

VM state: at safepoint (normal execution)

VM Mutex/Monitor currently owned by a thread:  ([mutex/lock_event])
[0x000001dd3636f860] Threads_lock - owner thread: 0x000001dd433451a0
[0x000001dd384f1b20] Heap_lock - owner thread: 0x000001dd486b72c0

Heap address: 0x00000000c0000000, size: 1024 MB, Compressed Oops mode: 32-bit

CDS archive(s) not mapped
Compressed class space mapped at: 0x0000000100000000-0x0000000140000000, reserved size: 1073741824
Narrow klass base: 0x0000000000000000, Narrow klass shift: 3, Narrow klass range: 0x140000000

GC Precious Log:
 CPUs: 8 total, 8 available
 Memory: 16248M
 Large Page Support: Disabled
 NUMA Support: Disabled
 Compressed Oops: Enabled (32-bit)
 Heap Region Size: 1M
 Heap Min Capacity: 8M
 Heap Initial Capacity: 254M
 Heap Max Capacity: 1G
 Pre-touch: Disabled
 Parallel Workers: 8
 Concurrent Workers: 2
 Concurrent Refinement Workers: 8
 Periodic GC: Disabled

Heap:
 garbage-first heap   total 112640K, used 33553K [0x00000000c0000000, 0x0000000100000000)
  region size 1024K, 1 young (1024K), 0 survivors (0K)
 Metaspace       used 59390K, committed 60160K, reserved 1114112K
  class space    used 7379K, committed 7680K, reserved 1048576K

Heap Regions: E=young(eden), S=young(survivor), O=old, HS=humongous(starts), HC=humongous(continues), CS=collection set, F=free, OA=open archive, CA=closed archive, TAMS=top-at-mark-start (previous, next)
|   0|0x00000000c0000000, 0x00000000c0100000, 0x00000000c0100000|100%| O|  |TAMS 0x00000000c0100000, 0x00000000c0000000| Untracked 
|   1|0x00000000c0100000, 0x00000000c0200000, 0x00000000c0200000|100%| O|  |TAMS 0x00000000c0200000, 0x00000000c0100000| Untracked 
|   2|0x00000000c0200000, 0x00000000c02fffe0, 0x00000000c0300000| 99%| O|  |TAMS 0x00000000c02fffe0, 0x00000000c0200000| Untracked 
|   3|0x00000000c0300000, 0x00000000c0400000, 0x00000000c0400000|100%| O|  |TAMS 0x00000000c0400000, 0x00000000c0300000| Untracked 
|   4|0x00000000c0400000, 0x00000000c0500000, 0x00000000c0500000|100%| O|  |TAMS 0x00000000c0500000, 0x00000000c0400000| Untracked 
|   5|0x00000000c0500000, 0x00000000c0600000, 0x00000000c0600000|100%| O|  |TAMS 0x00000000c0600000, 0x00000000c0500000| Untracked 
|   6|0x00000000c0600000, 0x00000000c0700000, 0x00000000c0700000|100%|HS|  |TAMS 0x00000000c0700000, 0x00000000c0600000| Untracked 
|   7|0x00000000c0700000, 0x00000000c0800000, 0x00000000c0800000|100%| O|  |TAMS 0x00000000c0800000, 0x00000000c0700000| Untracked 
|   8|0x00000000c0800000, 0x00000000c0900000, 0x00000000c0900000|100%| O|  |TAMS 0x00000000c0900000, 0x00000000c0800000| Untracked 
|   9|0x00000000c0900000, 0x00000000c09ffff8, 0x00000000c0a00000| 99%| O|  |TAMS 0x00000000c09ffff8, 0x00000000c0900000| Untracked 
|  10|0x00000000c0a00000, 0x00000000c0afd2d0, 0x00000000c0b00000| 98%| O|  |TAMS 0x00000000c0afd2d0, 0x00000000c0a00000| Untracked 
|  11|0x00000000c0b00000, 0x00000000c0bffff0, 0x00000000c0c00000| 99%| O|  |TAMS 0x00000000c0bffff0, 0x00000000c0b00000| Untracked 
|  12|0x00000000c0c00000, 0x00000000c0cf7c60, 0x00000000c0d00000| 96%| O|  |TAMS 0x00000000c0cf7c60, 0x00000000c0c00000| Untracked 
|  13|0x00000000c0d00000, 0x00000000c0dffff8, 0x00000000c0e00000| 99%| O|  |TAMS 0x00000000c0dffff8, 0x00000000c0d00000| Untracked 
|  14|0x00000000c0e00000, 0x00000000c0efffd8, 0x00000000c0f00000| 99%| O|  |TAMS 0x00000000c0efffd8, 0x00000000c0e00000| Untracked 
|  15|0x00000000c0f00000, 0x00000000c0fffff0, 0x00000000c1000000| 99%| O|  |TAMS 0x00000000c0fffff0, 0x00000000c0f00000| Untracked 
|  16|0x00000000c1000000, 0x00000000c10ffff8, 0x00000000c1100000| 99%| O|  |TAMS 0x00000000c10ffff8, 0x00000000c1000000| Untracked 
|  17|0x00000000c1100000, 0x00000000c1200000, 0x00000000c1200000|100%| O|  |TAMS 0x00000000c1200000, 0x00000000c1100000| Untracked 
|  18|0x00000000c1200000, 0x00000000c12fffe8, 0x00000000c1300000| 99%| O|  |TAMS 0x00000000c12fffe8, 0x00000000c1200000| Untracked 
|  19|0x00000000c1300000, 0x00000000c13fffd8, 0x00000000c1400000| 99%| O|  |TAMS 0x00000000c13fffd8, 0x00000000c1300000| Untracked 
|  20|0x00000000c1400000, 0x00000000c14fffd8, 0x00000000c1500000| 99%| O|  |TAMS 0x00000000c14fffd8, 0x00000000c1400000| Untracked 
|  21|0x00000000c1500000, 0x00000000c1600000, 0x00000000c1600000|100%| O|  |TAMS 0x00000000c1600000, 0x00000000c1500000| Untracked 
|  22|0x00000000c1600000, 0x00000000c16ffff8, 0x00000000c1700000| 99%| O|  |TAMS 0x00000000c16ffff8, 0x00000000c1600000| Untracked 
|  23|0x00000000c1700000, 0x00000000c17fdeb8, 0x00000000c1800000| 99%| O|  |TAMS 0x00000000c17fdeb8, 0x00000000c1700000| Untracked 
|  24|0x00000000c1800000, 0x00000000c18fb8a0, 0x00000000c1900000| 98%| O|  |TAMS 0x00000000c18fb8a0, 0x00000000c1800000| Untracked 
|  25|0x00000000c1900000, 0x00000000c19ff528, 0x00000000c1a00000| 99%| O|  |TAMS 0x00000000c19ff528, 0x00000000c1900000| Untracked 
|  26|0x00000000c1a00000, 0x00000000c1afffc8, 0x00000000c1b00000| 99%| O|  |TAMS 0x00000000c1afffc8, 0x00000000c1a00000| Untracked 
|  27|0x00000000c1b00000, 0x00000000c1be0d28, 0x00000000c1c00000| 87%| O|  |TAMS 0x00000000c1b00000, 0x00000000c1b00000| Untracked 
|  28|0x00000000c1c00000, 0x00000000c1cfffe8, 0x00000000c1d00000| 99%| O|  |TAMS 0x00000000c1cfffe8, 0x00000000c1c00000| Untracked 
|  29|0x00000000c1d00000, 0x00000000c1dffd48, 0x00000000c1e00000| 99%| O|  |TAMS 0x00000000c1dffd48, 0x00000000c1d00000| Untracked 
|  30|0x00000000c1e00000, 0x00000000c1effd60, 0x00000000c1f00000| 99%| O|  |TAMS 0x00000000c1effd60, 0x00000000c1e00000| Untracked 
|  31|0x00000000c1f00000, 0x00000000c1fffff8, 0x00000000c2000000| 99%| O|  |TAMS 0x00000000c1fffff8, 0x00000000c1f00000| Untracked 
|  32|0x00000000c2000000, 0x00000000c2000068, 0x00000000c2100000|  0%| O|  |TAMS 0x00000000c2000000, 0x00000000c2000000| Untracked 
|  33|0x00000000c2100000, 0x00000000c2100000, 0x00000000c2200000|  0%| F|  |TAMS 0x00000000c2100000, 0x00000000c2100000| Untracked 
|  34|0x00000000c2200000, 0x00000000c2200000, 0x00000000c2300000|  0%| F|  |TAMS 0x00000000c2200000, 0x00000000c2200000| Untracked 
|  35|0x00000000c2300000, 0x00000000c2300000, 0x00000000c2400000|  0%| F|  |TAMS 0x00000000c2300000, 0x00000000c2300000| Untracked 
|  36|0x00000000c2400000, 0x00000000c2400000, 0x00000000c2500000|  0%| F|  |TAMS 0x00000000c2400000, 0x00000000c2400000| Untracked 
|  37|0x00000000c2500000, 0x00000000c2500000, 0x00000000c2600000|  0%| F|  |TAMS 0x00000000c2500000, 0x00000000c2500000| Untracked 
|  38|0x00000000c2600000, 0x00000000c2600000, 0x00000000c2700000|  0%| F|  |TAMS 0x00000000c2600000, 0x00000000c2600000| Untracked 
|  39|0x00000000c2700000, 0x00000000c2700000, 0x00000000c2800000|  0%| F|  |TAMS 0x00000000c2700000, 0x00000000c2700000| Untracked 
|  40|0x00000000c2800000, 0x00000000c2800000, 0x00000000c2900000|  0%| F|  |TAMS 0x00000000c2800000, 0x00000000c2800000| Untracked 
|  41|0x00000000c2900000, 0x00000000c2900000, 0x00000000c2a00000|  0%| F|  |TAMS 0x00000000c2900000, 0x00000000c2900000| Untracked 
|  42|0x00000000c2a00000, 0x00000000c2a00000, 0x00000000c2b00000|  0%| F|  |TAMS 0x00000000c2a00000, 0x00000000c2a00000| Untracked 
|  43|0x00000000c2b00000, 0x00000000c2bf62f0, 0x00000000c2c00000| 96%| O|  |TAMS 0x00000000c2bf62f0, 0x00000000c2b00000| Untracked 
|  44|0x00000000c2c00000, 0x00000000c2c00000, 0x00000000c2d00000|  0%| F|  |TAMS 0x00000000c2c00000, 0x00000000c2c00000| Untracked 
|  45|0x00000000c2d00000, 0x00000000c2d00000, 0x00000000c2e00000|  0%| F|  |TAMS 0x00000000c2d00000, 0x00000000c2d00000| Untracked 
|  46|0x00000000c2e00000, 0x00000000c2e00000, 0x00000000c2f00000|  0%| F|  |TAMS 0x00000000c2e00000, 0x00000000c2e00000| Untracked 
|  47|0x00000000c2f00000, 0x00000000c2f00000, 0x00000000c3000000|  0%| F|  |TAMS 0x00000000c2f00000, 0x00000000c2f00000| Untracked 
|  48|0x00000000c3000000, 0x00000000c3000000, 0x00000000c3100000|  0%| F|  |TAMS 0x00000000c3000000, 0x00000000c3000000| Untracked 
|  49|0x00000000c3100000, 0x00000000c3100000, 0x00000000c3200000|  0%| F|  |TAMS 0x00000000c3100000, 0x00000000c3100000| Untracked 
|  50|0x00000000c3200000, 0x00000000c3200000, 0x00000000c3300000|  0%| F|  |TAMS 0x00000000c3200000, 0x00000000c3200000| Untracked 
|  51|0x00000000c3300000, 0x00000000c3300000, 0x00000000c3400000|  0%| F|  |TAMS 0x00000000c3300000, 0x00000000c3300000| Untracked 
|  52|0x00000000c3400000, 0x00000000c3400000, 0x00000000c3500000|  0%| F|  |TAMS 0x00000000c3400000, 0x00000000c3400000| Untracked 
|  53|0x00000000c3500000, 0x00000000c3500000, 0x00000000c3600000|  0%| F|  |TAMS 0x00000000c3500000, 0x00000000c3500000| Untracked 
|  54|0x00000000c3600000, 0x00000000c3600000, 0x00000000c3700000|  0%| F|  |TAMS 0x00000000c3600000, 0x00000000c3600000| Untracked 
|  55|0x00000000c3700000, 0x00000000c3700000, 0x00000000c3800000|  0%| F|  |TAMS 0x00000000c3700000, 0x00000000c3700000| Untracked 
|  56|0x00000000c3800000, 0x00000000c3800000, 0x00000000c3900000|  0%| F|  |TAMS 0x00000000c3800000, 0x00000000c3800000| Untracked 
|  57|0x00000000c3900000, 0x00000000c3900000, 0x00000000c3a00000|  0%| F|  |TAMS 0x00000000c3900000, 0x00000000c3900000| Untracked 
|  58|0x00000000c3a00000, 0x00000000c3a00000, 0x00000000c3b00000|  0%| F|  |TAMS 0x00000000c3a00000, 0x00000000c3a00000| Untracked 
|  59|0x00000000c3b00000, 0x00000000c3b00000, 0x00000000c3c00000|  0%| F|  |TAMS 0x00000000c3b00000, 0x00000000c3b00000| Untracked 
|  60|0x00000000c3c00000, 0x00000000c3c00000, 0x00000000c3d00000|  0%| F|  |TAMS 0x00000000c3c00000, 0x00000000c3c00000| Untracked 
|  61|0x00000000c3d00000, 0x00000000c3d00000, 0x00000000c3e00000|  0%| F|  |TAMS 0x00000000c3d00000, 0x00000000c3d00000| Untracked 
|  62|0x00000000c3e00000, 0x00000000c3e00000, 0x00000000c3f00000|  0%| F|  |TAMS 0x00000000c3e00000, 0x00000000c3e00000| Untracked 
|  63|0x00000000c3f00000, 0x00000000c3f00000, 0x00000000c4000000|  0%| F|  |TAMS 0x00000000c3f00000, 0x00000000c3f00000| Untracked 
|  64|0x00000000c4000000, 0x00000000c4000000, 0x00000000c4100000|  0%| F|  |TAMS 0x00000000c4000000, 0x00000000c4000000| Untracked 
|  65|0x00000000c4100000, 0x00000000c4100000, 0x00000000c4200000|  0%| F|  |TAMS 0x00000000c4100000, 0x00000000c4100000| Untracked 
|  66|0x00000000c4200000, 0x00000000c4200000, 0x00000000c4300000|  0%| F|  |TAMS 0x00000000c4200000, 0x00000000c4200000| Untracked 
|  67|0x00000000c4300000, 0x00000000c4300000, 0x00000000c4400000|  0%| F|  |TAMS 0x00000000c4300000, 0x00000000c4300000| Untracked 
|  68|0x00000000c4400000, 0x00000000c4400000, 0x00000000c4500000|  0%| F|  |TAMS 0x00000000c4400000, 0x00000000c4400000| Untracked 
|  69|0x00000000c4500000, 0x00000000c4500000, 0x00000000c4600000|  0%| F|  |TAMS 0x00000000c4500000, 0x00000000c4500000| Untracked 
|  70|0x00000000c4600000, 0x00000000c4600000, 0x00000000c4700000|  0%| F|  |TAMS 0x00000000c4600000, 0x00000000c4600000| Untracked 
|  71|0x00000000c4700000, 0x00000000c4700000, 0x00000000c4800000|  0%| F|  |TAMS 0x00000000c4700000, 0x00000000c4700000| Untracked 
|  72|0x00000000c4800000, 0x00000000c4800000, 0x00000000c4900000|  0%| F|  |TAMS 0x00000000c4800000, 0x00000000c4800000| Untracked 
|  73|0x00000000c4900000, 0x00000000c4900000, 0x00000000c4a00000|  0%| F|  |TAMS 0x00000000c4900000, 0x00000000c4900000| Untracked 
|  74|0x00000000c4a00000, 0x00000000c4a00000, 0x00000000c4b00000|  0%| F|  |TAMS 0x00000000c4a00000, 0x00000000c4a00000| Untracked 
|  75|0x00000000c4b00000, 0x00000000c4b00000, 0x00000000c4c00000|  0%| F|  |TAMS 0x00000000c4b00000, 0x00000000c4b00000| Untracked 
|  76|0x00000000c4c00000, 0x00000000c4c00000, 0x00000000c4d00000|  0%| F|  |TAMS 0x00000000c4c00000, 0x00000000c4c00000| Untracked 
|  77|0x00000000c4d00000, 0x00000000c4d00000, 0x00000000c4e00000|  0%| F|  |TAMS 0x00000000c4d00000, 0x00000000c4d00000| Untracked 
|  78|0x00000000c4e00000, 0x00000000c4e00000, 0x00000000c4f00000|  0%| F|  |TAMS 0x00000000c4e00000, 0x00000000c4e00000| Untracked 
|  79|0x00000000c4f00000, 0x00000000c4f00000, 0x00000000c5000000|  0%| F|  |TAMS 0x00000000c4f00000, 0x00000000c4f00000| Untracked 
|  80|0x00000000c5000000, 0x00000000c5000000, 0x00000000c5100000|  0%| F|  |TAMS 0x00000000c5000000, 0x00000000c5000000| Untracked 
|  81|0x00000000c5100000, 0x00000000c5100000, 0x00000000c5200000|  0%| F|  |TAMS 0x00000000c5100000, 0x00000000c5100000| Untracked 
|  82|0x00000000c5200000, 0x00000000c5200000, 0x00000000c5300000|  0%| F|  |TAMS 0x00000000c5200000, 0x00000000c5200000| Untracked 
|  83|0x00000000c5300000, 0x00000000c5300000, 0x00000000c5400000|  0%| F|  |TAMS 0x00000000c5300000, 0x00000000c5300000| Untracked 
|  84|0x00000000c5400000, 0x00000000c5400000, 0x00000000c5500000|  0%| F|  |TAMS 0x00000000c5400000, 0x00000000c5400000| Untracked 
|  85|0x00000000c5500000, 0x00000000c5500000, 0x00000000c5600000|  0%| F|  |TAMS 0x00000000c5500000, 0x00000000c5500000| Untracked 
|  86|0x00000000c5600000, 0x00000000c5600000, 0x00000000c5700000|  0%| F|  |TAMS 0x00000000c5600000, 0x00000000c5600000| Untracked 
|  87|0x00000000c5700000, 0x00000000c5700000, 0x00000000c5800000|  0%| F|  |TAMS 0x00000000c5700000, 0x00000000c5700000| Untracked 
|  88|0x00000000c5800000, 0x00000000c5800000, 0x00000000c5900000|  0%| F|  |TAMS 0x00000000c5800000, 0x00000000c5800000| Untracked 
|  89|0x00000000c5900000, 0x00000000c5900000, 0x00000000c5a00000|  0%| F|  |TAMS 0x00000000c5900000, 0x00000000c5900000| Untracked 
|  90|0x00000000c5a00000, 0x00000000c5a00000, 0x00000000c5b00000|  0%| F|  |TAMS 0x00000000c5a00000, 0x00000000c5a00000| Untracked 
|  91|0x00000000c5b00000, 0x00000000c5b00000, 0x00000000c5c00000|  0%| F|  |TAMS 0x00000000c5b00000, 0x00000000c5b00000| Untracked 
|  92|0x00000000c5c00000, 0x00000000c5c00000, 0x00000000c5d00000|  0%| F|  |TAMS 0x00000000c5c00000, 0x00000000c5c00000| Untracked 
|  93|0x00000000c5d00000, 0x00000000c5d00000, 0x00000000c5e00000|  0%| F|  |TAMS 0x00000000c5d00000, 0x00000000c5d00000| Untracked 
|  94|0x00000000c5e00000, 0x00000000c5e00000, 0x00000000c5f00000|  0%| F|  |TAMS 0x00000000c5e00000, 0x00000000c5e00000| Untracked 
|  95|0x00000000c5f00000, 0x00000000c5f00000, 0x00000000c6000000|  0%| F|  |TAMS 0x00000000c5f00000, 0x00000000c5f00000| Untracked 
|  96|0x00000000c6000000, 0x00000000c6000000, 0x00000000c6100000|  0%| F|  |TAMS 0x00000000c6000000, 0x00000000c6000000| Untracked 
|  97|0x00000000c6100000, 0x00000000c6100000, 0x00000000c6200000|  0%| F|  |TAMS 0x00000000c6100000, 0x00000000c6100000| Untracked 
|  98|0x00000000c6200000, 0x00000000c6200000, 0x00000000c6300000|  0%| F|  |TAMS 0x00000000c6200000, 0x00000000c6200000| Untracked 
|  99|0x00000000c6300000, 0x00000000c6300000, 0x00000000c6400000|  0%| F|  |TAMS 0x00000000c6300000, 0x00000000c6300000| Untracked 
| 100|0x00000000c6400000, 0x00000000c6400000, 0x00000000c6500000|  0%| F|  |TAMS 0x00000000c6400000, 0x00000000c6400000| Untracked 
| 101|0x00000000c6500000, 0x00000000c6500000, 0x00000000c6600000|  0%| F|  |TAMS 0x00000000c6500000, 0x00000000c6500000| Untracked 
| 102|0x00000000c6600000, 0x00000000c6600000, 0x00000000c6700000|  0%| F|  |TAMS 0x00000000c6600000, 0x00000000c6600000| Untracked 
| 103|0x00000000c6700000, 0x00000000c6700000, 0x00000000c6800000|  0%| F|  |TAMS 0x00000000c6700000, 0x00000000c6700000| Untracked 
| 104|0x00000000c6800000, 0x00000000c6800000, 0x00000000c6900000|  0%| F|  |TAMS 0x00000000c6800000, 0x00000000c6800000| Untracked 
| 105|0x00000000c6900000, 0x00000000c6900000, 0x00000000c6a00000|  0%| F|  |TAMS 0x00000000c6900000, 0x00000000c6900000| Untracked 
| 106|0x00000000c6a00000, 0x00000000c6a00000, 0x00000000c6b00000|  0%| F|  |TAMS 0x00000000c6a00000, 0x00000000c6a00000| Untracked 
| 107|0x00000000c6b00000, 0x00000000c6b00000, 0x00000000c6c00000|  0%| F|  |TAMS 0x00000000c6b00000, 0x00000000c6b00000| Untracked 
| 108|0x00000000c6c00000, 0x00000000c6c00000, 0x00000000c6d00000|  0%| F|  |TAMS 0x00000000c6c00000, 0x00000000c6c00000| Untracked 
| 109|0x00000000c6d00000, 0x00000000c6d1a830, 0x00000000c6e00000| 10%| E|  |TAMS 0x00000000c6d00000, 0x00000000c6d00000| Complete 

Card table byte_map: [0x000001dd3e480000,0x000001dd3e680000] _byte_map_base: 0x000001dd3de80000

Marking Bits (Prev, Next): (CMBitMap*) 0x000001dd38531560, (CMBitMap*) 0x000001dd385315a0
 Prev Bits: [0x000001dd3e880000, 0x000001dd3f880000)
 Next Bits: [0x000001dd3f880000, 0x000001dd40880000)

Polling page: 0x000001dd37cb0000

Metaspace:

Usage:
  Non-class:     50.79 MB used.
      Class:      7.21 MB used.
       Both:     58.00 MB used.

Virtual space:
  Non-class space:       64.00 MB reserved,      51.25 MB ( 80%) committed,  1 nodes.
      Class space:        1.00 GB reserved,       7.50 MB ( <1%) committed,  1 nodes.
             Both:        1.06 GB reserved,      58.75 MB (  5%) committed. 

Chunk freelists:
   Non-Class:  12.96 MB
       Class:  8.51 MB
        Both:  21.48 MB

MaxMetaspaceSize: unlimited
CompressedClassSpaceSize: 1.00 GB
Initial GC threshold: 21.00 MB
Current GC threshold: 97.94 MB
CDS: off
MetaspaceReclaimPolicy: balanced
 - commit_granule_bytes: 65536.
 - commit_granule_words: 8192.
 - virtual_space_node_default_size: 8388608.
 - enlarge_chunks_in_place: 1.
 - new_chunks_are_fully_committed: 0.
 - uncommit_free_chunks: 1.
 - use_allocation_guard: 0.
 - handle_deallocations: 1.


Internal statistics:

num_allocs_failed_limit: 16.
num_arena_births: 650.
num_arena_deaths: 218.
num_vsnodes_births: 2.
num_vsnodes_deaths: 0.
num_space_committed: 940.
num_space_uncommitted: 0.
num_chunks_returned_to_freelist: 276.
num_chunks_taken_from_freelist: 2497.
num_chunk_merges: 100.
num_chunk_splits: 1786.
num_chunks_enlarged: 1353.
num_inconsistent_stats: 0.

CodeCache: size=49152Kb used=15805Kb max_used=17118Kb free=33346Kb
 bounds [0x000001dd3b170000, 0x000001dd3c230000, 0x000001dd3e170000]
 total_blobs=9057 nmethods=8383 adapters=600
 compilation: enabled
              stopped_count=0, restarted_count=0
 full_count=0

Compilation events (20 events):
Event: 10509.234 Thread 0x000001dd43399220 8376       1       java.lang.ProcessImpl::waitFor (136 bytes)
Event: 10509.234 Thread 0x000001dd43399220 nmethod 8376 0x000001dd3b612710 code [0x000001dd3b612920, 0x000001dd3b612d38]
Event: 10509.397 Thread 0x000001dd43399220 8378   !   1       java.io.FilterOutputStream::close (183 bytes)
Event: 10509.453 Thread 0x000001dd43399220 nmethod 8378 0x000001dd3b611d90 code [0x000001dd3b611fa0, 0x000001dd3b612478]
Event: 163540.543 Thread 0x000001dd43399220 8379       1       java.time.LocalDate::ofEpochDay (236 bytes)
Event: 163540.587 Thread 0x000001dd43399220 nmethod 8379 0x000001dd3b610e90 code [0x000001dd3b6110a0, 0x000001dd3b6118c8]
Event: 163540.587 Thread 0x000001dd43399220 8380       1       java.time.temporal.ChronoField::checkValidIntValue (10 bytes)
Event: 163540.588 Thread 0x000001dd43399220 nmethod 8380 0x000001dd3b610910 code [0x000001dd3b610ac0, 0x000001dd3b610d08]
Event: 163540.588 Thread 0x000001dd43399220 8381       1       java.time.temporal.ValueRange::checkValidIntValue (25 bytes)
Event: 163540.588 Thread 0x000001dd43399220 nmethod 8381 0x000001dd3b610410 code [0x000001dd3b6105c0, 0x000001dd3b6107f8]
Event: 163540.588 Thread 0x000001dd43399220 8382       1       java.time.temporal.ValueRange::isValidIntValue (21 bytes)
Event: 163540.588 Thread 0x000001dd43399220 nmethod 8382 0x000001dd3b610090 code [0x000001dd3b610220, 0x000001dd3b610378]
Event: 163540.588 Thread 0x000001dd43399220 8383       1       java.time.temporal.ValueRange::isIntValue (28 bytes)
Event: 163540.589 Thread 0x000001dd43399220 nmethod 8383 0x000001dd3b60fd90 code [0x000001dd3b60ff20, 0x000001dd3b610018]
Event: 163540.629 Thread 0x000001dd43399220 8384       1       ch.qos.logback.core.pattern.SpacePadder::spacePad (53 bytes)
Event: 163540.655 Thread 0x000001dd43399220 nmethod 8384 0x000001dd3b60f890 code [0x000001dd3b60fa40, 0x000001dd3b60fbf8]
Event: 163540.756 Thread 0x000001dd43399220 8385       1       org.eclipse.jdt.internal.compiler.lookup.BinaryModuleBinding::resolvePackages (221 bytes)
Event: 163540.790 Thread 0x000001dd43399220 nmethod 8385 0x000001dd3b60e610 code [0x000001dd3b60e880, 0x000001dd3b60f378]
Event: 163541.113 Thread 0x000001dd43399220 8386   !   1       org.eclipse.jdt.internal.compiler.classfmt.MethodInfoWithParameterAnnotations::getParameterAnnotations (138 bytes)
Event: 163541.137 Thread 0x000001dd43399220 nmethod 8386 0x000001dd3b60d690 code [0x000001dd3b60d940, 0x000001dd3b60e078]

GC Heap History (20 events):
Event: 172422.661 GC heap before
{Heap before GC invocations=4141 (full 4104):
 garbage-first heap   total 112640K, used 33553K [0x00000000c0000000, 0x0000000100000000)
  region size 1024K, 1 young (1024K), 0 survivors (0K)
 Metaspace       used 59390K, committed 60160K, reserved 1114112K
  class space    used 7379K, committed 7680K, reserved 1048576K
}
Event: 172422.693 GC heap after
{Heap after GC invocations=4142 (full 4105):
 garbage-first heap   total 112640K, used 33553K [0x00000000c0000000, 0x0000000100000000)
  region size 1024K, 0 young (0K), 0 survivors (0K)
 Metaspace       used 59390K, committed 60160K, reserved 1114112K
  class space    used 7379K, committed 7680K, reserved 1048576K
}
Event: 172432.800 GC heap before
{Heap before GC invocations=4142 (full 4105):
 garbage-first heap   total 112640K, used 33553K [0x00000000c0000000, 0x0000000100000000)
  region size 1024K, 1 young (1024K), 0 survivors (0K)
 Metaspace       used 59390K, committed 60160K, reserved 1114112K
  class space    used 7379K, committed 7680K, reserved 1048576K
}
Event: 172432.838 GC heap after
{Heap after GC invocations=4143 (full 4106):
 garbage-first heap   total 112640K, used 33553K [0x00000000c0000000, 0x0000000100000000)
  region size 1024K, 0 young (0K), 0 survivors (0K)
 Metaspace       used 59390K, committed 60160K, reserved 1114112K
  class space    used 7379K, committed 7680K, reserved 1048576K
}
Event: 172442.969 GC heap before
{Heap before GC invocations=4143 (full 4106):
 garbage-first heap   total 112640K, used 33553K [0x00000000c0000000, 0x0000000100000000)
  region size 1024K, 1 young (1024K), 0 survivors (0K)
 Metaspace       used 59390K, committed 60160K, reserved 1114112K
  class space    used 7379K, committed 7680K, reserved 1048576K
}
Event: 172443.003 GC heap after
{Heap after GC invocations=4144 (full 4107):
 garbage-first heap   total 112640K, used 33553K [0x00000000c0000000, 0x0000000100000000)
  region size 1024K, 0 young (0K), 0 survivors (0K)
 Metaspace       used 59390K, committed 60160K, reserved 1114112K
  class space    used 7379K, committed 7680K, reserved 1048576K
}
Event: 172453.122 GC heap before
{Heap before GC invocations=4144 (full 4107):
 garbage-first heap   total 112640K, used 33553K [0x00000000c0000000, 0x0000000100000000)
  region size 1024K, 1 young (1024K), 0 survivors (0K)
 Metaspace       used 59390K, committed 60160K, reserved 1114112K
  class space    used 7379K, committed 7680K, reserved 1048576K
}
Event: 172453.155 GC heap after
{Heap after GC invocations=4145 (full 4108):
 garbage-first heap   total 112640K, used 33553K [0x00000000c0000000, 0x0000000100000000)
  region size 1024K, 0 young (0K), 0 survivors (0K)
 Metaspace       used 59390K, committed 60160K, reserved 1114112K
  class space    used 7379K, committed 7680K, reserved 1048576K
}
Event: 172463.286 GC heap before
{Heap before GC invocations=4145 (full 4108):
 garbage-first heap   total 112640K, used 33553K [0x00000000c0000000, 0x0000000100000000)
  region size 1024K, 1 young (1024K), 0 survivors (0K)
 Metaspace       used 59390K, committed 60160K, reserved 1114112K
  class space    used 7379K, committed 7680K, reserved 1048576K
}
Event: 172463.317 GC heap after
{Heap after GC invocations=4146 (full 4109):
 garbage-first heap   total 112640K, used 33553K [0x00000000c0000000, 0x0000000100000000)
  region size 1024K, 0 young (0K), 0 survivors (0K)
 Metaspace       used 59390K, committed 60160K, reserved 1114112K
  class space    used 7379K, committed 7680K, reserved 1048576K
}
Event: 172473.427 GC heap before
{Heap before GC invocations=4146 (full 4109):
 garbage-first heap   total 112640K, used 33553K [0x00000000c0000000, 0x0000000100000000)
  region size 1024K, 1 young (1024K), 0 survivors (0K)
 Metaspace       used 59390K, committed 60160K, reserved 1114112K
  class space    used 7379K, committed 7680K, reserved 1048576K
}
Event: 172473.465 GC heap after
{Heap after GC invocations=4147 (full 4110):
 garbage-first heap   total 112640K, used 33553K [0x00000000c0000000, 0x0000000100000000)
  region size 1024K, 0 young (0K), 0 survivors (0K)
 Metaspace       used 59390K, committed 60160K, reserved 1114112K
  class space    used 7379K, committed 7680K, reserved 1048576K
}
Event: 172483.595 GC heap before
{Heap before GC invocations=4147 (full 4110):
 garbage-first heap   total 112640K, used 33553K [0x00000000c0000000, 0x0000000100000000)
  region size 1024K, 1 young (1024K), 0 survivors (0K)
 Metaspace       used 59390K, committed 60160K, reserved 1114112K
  class space    used 7379K, committed 7680K, reserved 1048576K
}
Event: 172483.628 GC heap after
{Heap after GC invocations=4148 (full 4111):
 garbage-first heap   total 112640K, used 33553K [0x00000000c0000000, 0x0000000100000000)
  region size 1024K, 0 young (0K), 0 survivors (0K)
 Metaspace       used 59390K, committed 60160K, reserved 1114112K
  class space    used 7379K, committed 7680K, reserved 1048576K
}
Event: 172493.762 GC heap before
{Heap before GC invocations=4148 (full 4111):
 garbage-first heap   total 112640K, used 33553K [0x00000000c0000000, 0x0000000100000000)
  region size 1024K, 1 young (1024K), 0 survivors (0K)
 Metaspace       used 59390K, committed 60160K, reserved 1114112K
  class space    used 7379K, committed 7680K, reserved 1048576K
}
Event: 172493.799 GC heap after
{Heap after GC invocations=4149 (full 4112):
 garbage-first heap   total 112640K, used 33553K [0x00000000c0000000, 0x0000000100000000)
  region size 1024K, 0 young (0K), 0 survivors (0K)
 Metaspace       used 59390K, committed 60160K, reserved 1114112K
  class space    used 7379K, committed 7680K, reserved 1048576K
}
Event: 172503.931 GC heap before
{Heap before GC invocations=4149 (full 4112):
 garbage-first heap   total 112640K, used 33553K [0x00000000c0000000, 0x0000000100000000)
  region size 1024K, 1 young (1024K), 0 survivors (0K)
 Metaspace       used 59390K, committed 60160K, reserved 1114112K
  class space    used 7379K, committed 7680K, reserved 1048576K
}
Event: 172503.965 GC heap after
{Heap after GC invocations=4150 (full 4113):
 garbage-first heap   total 112640K, used 33553K [0x00000000c0000000, 0x0000000100000000)
  region size 1024K, 0 young (0K), 0 survivors (0K)
 Metaspace       used 59390K, committed 60160K, reserved 1114112K
  class space    used 7379K, committed 7680K, reserved 1048576K
}
Event: 172514.102 GC heap before
{Heap before GC invocations=4150 (full 4113):
 garbage-first heap   total 112640K, used 33553K [0x00000000c0000000, 0x0000000100000000)
  region size 1024K, 1 young (1024K), 0 survivors (0K)
 Metaspace       used 59390K, committed 60160K, reserved 1114112K
  class space    used 7379K, committed 7680K, reserved 1048576K
}
Event: 172514.141 GC heap after
{Heap after GC invocations=4151 (full 4114):
 garbage-first heap   total 112640K, used 33553K [0x00000000c0000000, 0x0000000100000000)
  region size 1024K, 0 young (0K), 0 survivors (0K)
 Metaspace       used 59390K, committed 60160K, reserved 1114112K
  class space    used 7379K, committed 7680K, reserved 1048576K
}

Dll operation events (9 events):
Event: 0.019 Loaded shared library c:\Users\Jose\.vscode\extensions\redhat.java-1.24.0-win32-x64\jre\17.0.8.1-win32-x86_64\bin\java.dll
Event: 0.623 Loaded shared library C:\Users\Jose\.vscode\extensions\redhat.java-1.24.0-win32-x64\jre\17.0.8.1-win32-x86_64\bin\net.dll
Event: 0.627 Loaded shared library C:\Users\Jose\.vscode\extensions\redhat.java-1.24.0-win32-x64\jre\17.0.8.1-win32-x86_64\bin\nio.dll
Event: 0.644 Loaded shared library C:\Users\Jose\.vscode\extensions\redhat.java-1.24.0-win32-x64\jre\17.0.8.1-win32-x86_64\bin\zip.dll
Event: 1.041 Loaded shared library C:\Users\Jose\.vscode\extensions\redhat.java-1.24.0-win32-x64\jre\17.0.8.1-win32-x86_64\bin\jimage.dll
Event: 6.418 Loaded shared library c:\Users\Jose\.vscode\extensions\redhat.java-1.24.0-win32-x64\jre\17.0.8.1-win32-x86_64\bin\verify.dll
Event: 7.138 Loaded shared library C:\Users\Jose\.vscode\extensions\redhat.java-1.24.0-win32-x64\jre\17.0.8.1-win32-x86_64\bin\management.dll
Event: 7.141 Loaded shared library C:\Users\Jose\.vscode\extensions\redhat.java-1.24.0-win32-x64\jre\17.0.8.1-win32-x86_64\bin\management_ext.dll
Event: 8.812 Loaded shared library C:\Users\Jose\.vscode\extensions\redhat.java-1.24.0-win32-x64\jre\17.0.8.1-win32-x86_64\bin\sunmscapi.dll

Deoptimization events (20 events):
Event: 13.812 Thread 0x000001dd493dec40 DEOPT PACKING pc=0x000001dd3bf5ce36 sp=0x000000c768dfd5d0
Event: 13.812 Thread 0x000001dd493dec40 DEOPT UNPACKING pc=0x000001dd3b1c7143 sp=0x000000c768dfcac8 mode 3
Event: 14.360 Thread 0x000001dd493dec40 DEOPT PACKING pc=0x000001dd3c01063b sp=0x000000c768dfe970
Event: 14.360 Thread 0x000001dd493dec40 DEOPT UNPACKING pc=0x000001dd3b1c7143 sp=0x000000c768dfde48 mode 3
Event: 15.549 Thread 0x000001dd493dec40 DEOPT PACKING pc=0x000001dd3bdc768c sp=0x000000c768dfe260
Event: 15.549 Thread 0x000001dd493dec40 DEOPT UNPACKING pc=0x000001dd3b1c7143 sp=0x000000c768dfd7e0 mode 0
Event: 15.549 Thread 0x000001dd493dec40 DEOPT PACKING pc=0x000001dd3bdc768c sp=0x000000c768dfe4c0
Event: 15.549 Thread 0x000001dd493dec40 DEOPT UNPACKING pc=0x000001dd3b1c7143 sp=0x000000c768dfda40 mode 0
Event: 15.590 Thread 0x000001dd493dec40 DEOPT PACKING pc=0x000001dd3bdc768c sp=0x000000c768dfe940
Event: 15.590 Thread 0x000001dd493dec40 DEOPT UNPACKING pc=0x000001dd3b1c7143 sp=0x000000c768dfdec0 mode 0
Event: 17.292 Thread 0x000001dd493dec40 DEOPT PACKING pc=0x000001dd3c137698 sp=0x000000c768dfe8c0
Event: 17.292 Thread 0x000001dd493dec40 DEOPT UNPACKING pc=0x000001dd3b1c7143 sp=0x000000c768dfddb0 mode 3
Event: 17.402 Thread 0x000001dd493dec40 DEOPT PACKING pc=0x000001dd3c1408a0 sp=0x000000c768dfd7b0
Event: 17.402 Thread 0x000001dd493dec40 DEOPT UNPACKING pc=0x000001dd3b1c7143 sp=0x000000c768dfcc30 mode 3
Event: 19.865 Thread 0x000001dd493dec40 DEOPT PACKING pc=0x000001dd3c1e00e6 sp=0x000000c768dfe4d0
Event: 19.865 Thread 0x000001dd493dec40 DEOPT UNPACKING pc=0x000001dd3b1c7143 sp=0x000000c768dfd9a8 mode 3
Event: 20.021 Thread 0x000001dd493dec40 DEOPT PACKING pc=0x000001dd3c1e9455 sp=0x000000c768dfe450
Event: 20.034 Thread 0x000001dd493dec40 DEOPT UNPACKING pc=0x000001dd3b1c7143 sp=0x000000c768dfd970 mode 3
Event: 618.689 Thread 0x000001dd49167770 DEOPT PACKING pc=0x000001dd3b8037d4 sp=0x000000c7687fedc0
Event: 618.689 Thread 0x000001dd49167770 DEOPT UNPACKING pc=0x000001dd3b1c7143 sp=0x000000c7687fe248 mode 0

Classes unloaded (20 events):
Event: 117.745 Thread 0x000001dd433451a0 Unloading class 0x00000001000cc800 'java/lang/invoke/LambdaForm$MH+0x00000001000cc800'
Event: 117.745 Thread 0x000001dd433451a0 Unloading class 0x00000001000cc000 'java/lang/invoke/LambdaForm$MH+0x00000001000cc000'
Event: 117.745 Thread 0x000001dd433451a0 Unloading class 0x00000001000c8400 'java/lang/invoke/LambdaForm$MH+0x00000001000c8400'
Event: 127.916 Thread 0x000001dd433451a0 Unloading class 0x0000000100792400 'java/lang/invoke/LambdaForm$MH+0x0000000100792400'
Event: 127.916 Thread 0x000001dd433451a0 Unloading class 0x0000000100792000 'java/lang/invoke/LambdaForm$MH+0x0000000100792000'
Event: 127.916 Thread 0x000001dd433451a0 Unloading class 0x0000000100791c00 'java/lang/invoke/LambdaForm$MH+0x0000000100791c00'
Event: 127.916 Thread 0x000001dd433451a0 Unloading class 0x0000000100521800 'java/lang/invoke/LambdaForm$MH+0x0000000100521800'
Event: 127.916 Thread 0x000001dd433451a0 Unloading class 0x0000000100521000 'java/lang/invoke/LambdaForm$MH+0x0000000100521000'
Event: 127.916 Thread 0x000001dd433451a0 Unloading class 0x0000000100520c00 'java/lang/invoke/LambdaForm$MH+0x0000000100520c00'
Event: 127.916 Thread 0x000001dd433451a0 Unloading class 0x0000000100520800 'java/lang/invoke/LambdaForm$MH+0x0000000100520800'
Event: 127.916 Thread 0x000001dd433451a0 Unloading class 0x0000000100520400 'java/lang/invoke/LambdaForm$MH+0x0000000100520400'
Event: 127.916 Thread 0x000001dd433451a0 Unloading class 0x0000000100520000 'java/lang/invoke/LambdaForm$MH+0x0000000100520000'
Event: 127.916 Thread 0x000001dd433451a0 Unloading class 0x00000001003b0000 'java/lang/invoke/LambdaForm$MH+0x00000001003b0000'
Event: 127.916 Thread 0x000001dd433451a0 Unloading class 0x00000001000ce800 'java/lang/invoke/LambdaForm$MH+0x00000001000ce800'
Event: 127.916 Thread 0x000001dd433451a0 Unloading class 0x00000001000ce400 'java/lang/invoke/LambdaForm$MH+0x00000001000ce400'
Event: 127.916 Thread 0x000001dd433451a0 Unloading class 0x00000001000ce000 'java/lang/invoke/LambdaForm$MH+0x00000001000ce000'
Event: 127.916 Thread 0x000001dd433451a0 Unloading class 0x00000001000cdc00 'java/lang/invoke/LambdaForm$MH+0x00000001000cdc00'
Event: 127.916 Thread 0x000001dd433451a0 Unloading class 0x00000001000cd800 'java/lang/invoke/LambdaForm$MH+0x00000001000cd800'
Event: 127.916 Thread 0x000001dd433451a0 Unloading class 0x00000001000cd400 'java/lang/invoke/LambdaForm$MH+0x00000001000cd400'
Event: 127.916 Thread 0x000001dd433451a0 Unloading class 0x00000001000cbc00 'java/lang/invoke/LambdaForm$MH+0x00000001000cbc00'

Classes redefined (0 events):
No events

Internal exceptions (20 events):
Event: 20.470 Thread 0x000001dd493dec40 Exception <a 'java/lang/ArrayIndexOutOfBoundsException'{0x00000000cdfc1160}> (0x00000000cdfc1160) 
thrown [s\src\hotspot\share\runtime\sharedRuntime.cpp, line 628]
Event: 21.051 Thread 0x000001dd493dec40 Exception <a 'sun/nio/fs/WindowsException'{0x00000000cb460970}> (0x00000000cb460970) 
thrown [s\src\hotspot\share\prims\jni.cpp, line 516]
Event: 21.051 Thread 0x000001dd493dec40 Exception <a 'sun/nio/fs/WindowsException'{0x00000000cb461430}> (0x00000000cb461430) 
thrown [s\src\hotspot\share\prims\jni.cpp, line 516]
Event: 21.052 Thread 0x000001dd493dec40 Exception <a 'sun/nio/fs/WindowsException'{0x00000000cb461ec0}> (0x00000000cb461ec0) 
thrown [s\src\hotspot\share\prims\jni.cpp, line 516]
Event: 21.052 Thread 0x000001dd493dec40 Exception <a 'sun/nio/fs/WindowsException'{0x00000000cb462980}> (0x00000000cb462980) 
thrown [s\src\hotspot\share\prims\jni.cpp, line 516]
Event: 21.053 Thread 0x000001dd493dec40 Exception <a 'sun/nio/fs/WindowsException'{0x00000000cb463528}> (0x00000000cb463528) 
thrown [s\src\hotspot\share\prims\jni.cpp, line 516]
Event: 21.053 Thread 0x000001dd493dec40 Exception <a 'sun/nio/fs/WindowsException'{0x00000000cb464140}> (0x00000000cb464140) 
thrown [s\src\hotspot\share\prims\jni.cpp, line 516]
Event: 21.055 Thread 0x000001dd493dec40 Exception <a 'sun/nio/fs/WindowsException'{0x00000000cb465748}> (0x00000000cb465748) 
thrown [s\src\hotspot\share\prims\jni.cpp, line 516]
Event: 21.056 Thread 0x000001dd493dec40 Exception <a 'sun/nio/fs/WindowsException'{0x00000000cb466208}> (0x00000000cb466208) 
thrown [s\src\hotspot\share\prims\jni.cpp, line 516]
Event: 21.056 Thread 0x000001dd493dec40 Exception <a 'sun/nio/fs/WindowsException'{0x00000000cb466c98}> (0x00000000cb466c98) 
thrown [s\src\hotspot\share\prims\jni.cpp, line 516]
Event: 21.056 Thread 0x000001dd493dec40 Exception <a 'sun/nio/fs/WindowsException'{0x00000000cb467758}> (0x00000000cb467758) 
thrown [s\src\hotspot\share\prims\jni.cpp, line 516]
Event: 21.056 Thread 0x000001dd493dec40 Exception <a 'sun/nio/fs/WindowsException'{0x00000000cb468300}> (0x00000000cb468300) 
thrown [s\src\hotspot\share\prims\jni.cpp, line 516]
Event: 21.056 Thread 0x000001dd493dec40 Exception <a 'sun/nio/fs/WindowsException'{0x00000000cb468f18}> (0x00000000cb468f18) 
thrown [s\src\hotspot\share\prims\jni.cpp, line 516]
Event: 49.979 Thread 0x000001dd49649300 Exception <a 'java/lang/NoSuchMethodError'{0x00000000c93474f0}: 'java.lang.Object java.lang.invoke.DirectMethodHandle$Holder.newInvokeSpecial(java.lang.Object, java.lang.Object, java.lang.Object, java.lang.Object, java.lang.Object, long)'> (0x00000000c93474f0) 
thrown [s\src\hotspot\share\interpreter\linkResolver.cpp, line 759]
Event: 49.980 Thread 0x000001dd49649300 Exception <a 'java/lang/NoSuchMethodError'{0x00000000c934bb60}: 'java.lang.Object java.lang.invoke.DirectMethodHandle$Holder.invokeSpecial(java.lang.Object, java.lang.Object, java.lang.Object, java.lang.Object, java.lang.Object, java.lang.Object, long)'> (0x00000000c934bb60) 
thrown [s\src\hotspot\share\interpreter\linkResolver.cpp, line 759]
Event: 87.158 Thread 0x000001dd486b72c0 Exception <a 'java/lang/NoSuchMethodError'{0x00000000c9260b28}: 'void java.lang.invoke.DirectMethodHandle$Holder.invokeStatic(java.lang.Object, long)'> (0x00000000c9260b28) 
thrown [s\src\hotspot\share\interpreter\linkResolver.cpp, line 759]
Event: 87.159 Thread 0x000001dd486b72c0 Exception <a 'java/lang/NoSuchMethodError'{0x00000000c9265ed8}: 'java.lang.Object java.lang.invoke.DirectMethodHandle$Holder.newInvokeSpecial(java.lang.Object, long)'> (0x00000000c9265ed8) 
thrown [s\src\hotspot\share\interpreter\linkResolver.cpp, line 759]
Event: 311.452 Thread 0x000001dd496474a0 Exception <a 'java/io/IOException'{0x00000000c74973d0}> (0x00000000c74973d0) 
thrown [s\src\hotspot\share\prims\jni.cpp, line 516]
Event: 311.725 Thread 0x000001dd4964cab0 Exception <a 'java/io/IOException'{0x00000000c74ae4d8}> (0x00000000c74ae4d8) 
thrown [s\src\hotspot\share\prims\jni.cpp, line 516]
Event: 312.048 Thread 0x000001dd496483d0 Exception <a 'java/io/IOException'{0x00000000c74c56d0}> (0x00000000c74c56d0) 
thrown [s\src\hotspot\share\prims\jni.cpp, line 516]

VM Operations (20 events):
Event: 172422.693 Executing VM operation: G1CollectFull done
Event: 172432.800 Executing VM operation: G1CollectFull
Event: 172432.838 Executing VM operation: G1CollectFull done
Event: 172442.968 Executing VM operation: G1CollectFull
Event: 172443.003 Executing VM operation: G1CollectFull done
Event: 172453.122 Executing VM operation: G1CollectFull
Event: 172453.155 Executing VM operation: G1CollectFull done
Event: 172463.286 Executing VM operation: G1CollectFull
Event: 172463.318 Executing VM operation: G1CollectFull done
Event: 172473.427 Executing VM operation: G1CollectFull
Event: 172473.465 Executing VM operation: G1CollectFull done
Event: 172483.595 Executing VM operation: G1CollectFull
Event: 172483.629 Executing VM operation: G1CollectFull done
Event: 172493.762 Executing VM operation: G1CollectFull
Event: 172493.799 Executing VM operation: G1CollectFull done
Event: 172503.931 Executing VM operation: G1CollectFull
Event: 172503.965 Executing VM operation: G1CollectFull done
Event: 172514.101 Executing VM operation: G1CollectFull
Event: 172514.141 Executing VM operation: G1CollectFull done
Event: 172524.291 Executing VM operation: G1CollectFull

Events (20 events):
Event: 311.451 loading class sun/security/ssl/Alert$Level done
Event: 311.452 loading class sun/net/ConnectionResetException
Event: 311.452 loading class sun/net/ConnectionResetException done
Event: 371.455 Thread 0x000001dd4964a740 Thread exited: 0x000001dd4964a740
Event: 371.727 Thread 0x000001dd4964bb80 Thread exited: 0x000001dd4964bb80
Event: 371.727 Thread 0x000001dd4964cab0 Thread exited: 0x000001dd4964cab0
Event: 372.062 Thread 0x000001dd496474a0 Thread exited: 0x000001dd496474a0
Event: 372.062 Thread 0x000001dd496483d0 Thread exited: 0x000001dd496483d0
Event: 618.689 Thread 0x000001dd4964c090 Thread added: 0x000001dd4964c090
Event: 618.694 Thread 0x000001dd4964cab0 Thread added: 0x000001dd4964cab0
Event: 678.728 Thread 0x000001dd4964cab0 Thread exited: 0x000001dd4964cab0
Event: 678.999 Thread 0x000001dd4964c090 Thread exited: 0x000001dd4964c090
Event: 8768.432 Thread 0x000001dd4964a740 Thread added: 0x000001dd4964a740
Event: 8768.434 Thread 0x000001dd4964d9e0 Thread added: 0x000001dd4964d9e0
Event: 8828.486 Thread 0x000001dd4964d9e0 Thread exited: 0x000001dd4964d9e0
Event: 8828.486 Thread 0x000001dd4964a740 Thread exited: 0x000001dd4964a740
Event: 163540.510 Thread 0x000001dd4964d9e0 Thread added: 0x000001dd4964d9e0
Event: 163540.617 Thread 0x000001dd4964bb80 Thread added: 0x000001dd4964bb80
Event: 163601.249 Thread 0x000001dd4964bb80 Thread exited: 0x000001dd4964bb80
Event: 163601.688 Thread 0x000001dd4964d9e0 Thread exited: 0x000001dd4964d9e0


Dynamic libraries:
0x00007ff79d4c0000 - 0x00007ff79d4ce000 	c:\Users\Jose\.vscode\extensions\redhat.java-1.24.0-win32-x64\jre\17.0.8.1-win32-x86_64\bin\java.exe
0x00007ff836830000 - 0x00007ff836a28000 	C:\Windows\SYSTEM32\ntdll.dll
0x00007ff834890000 - 0x00007ff83494d000 	C:\Windows\System32\KERNEL32.DLL
0x00007ff8340f0000 - 0x00007ff8343e6000 	C:\Windows\System32\KERNELBASE.dll
0x00007ff833f40000 - 0x00007ff834040000 	C:\Windows\System32\ucrtbase.dll
0x00007ff82ae80000 - 0x00007ff82ae97000 	c:\Users\Jose\.vscode\extensions\redhat.java-1.24.0-win32-x64\jre\17.0.8.1-win32-x86_64\bin\jli.dll
0x00007ff8356f0000 - 0x00007ff83588e000 	C:\Windows\System32\USER32.dll
0x00007ff833f10000 - 0x00007ff833f32000 	C:\Windows\System32\win32u.dll
0x00007ff835ee0000 - 0x00007ff835f0c000 	C:\Windows\System32\GDI32.dll
0x00007ff834640000 - 0x00007ff83475a000 	C:\Windows\System32\gdi32full.dll
0x00007ff834550000 - 0x00007ff8345ed000 	C:\Windows\System32\msvcp_win.dll
0x00007ff8304e0000 - 0x00007ff8304f9000 	c:\Users\Jose\.vscode\extensions\redhat.java-1.24.0-win32-x64\jre\17.0.8.1-win32-x86_64\bin\VCRUNTIME140.dll
0x00007ff81f0b0000 - 0x00007ff81f34a000 	C:\Windows\WinSxS\amd64_microsoft.windows.common-controls_6595b64144ccf1df_6.0.19041.3636_none_60b6a03d71f818d5\COMCTL32.dll
0x00007ff835a30000 - 0x00007ff835ace000 	C:\Windows\System32\msvcrt.dll
0x00007ff835ad0000 - 0x00007ff835b00000 	C:\Windows\System32\IMM32.DLL
0x00007ff8304d0000 - 0x00007ff8304dc000 	c:\Users\Jose\.vscode\extensions\redhat.java-1.24.0-win32-x64\jre\17.0.8.1-win32-x86_64\bin\vcruntime140_1.dll
0x00007ff82abb0000 - 0x00007ff82ac41000 	c:\Users\Jose\.vscode\extensions\redhat.java-1.24.0-win32-x64\jre\17.0.8.1-win32-x86_64\bin\msvcp140.dll
0x00007ffff30a0000 - 0x00007ffff3cec000 	c:\Users\Jose\.vscode\extensions\redhat.java-1.24.0-win32-x64\jre\17.0.8.1-win32-x86_64\bin\server\jvm.dll
0x00007ff835bb0000 - 0x00007ff835c5f000 	C:\Windows\System32\ADVAPI32.dll
0x00007ff834dd0000 - 0x00007ff834e6c000 	C:\Windows\System32\sechost.dll
0x00007ff835890000 - 0x00007ff8359b6000 	C:\Windows\System32\RPCRT4.dll
0x00007ff8334c0000 - 0x00007ff83350b000 	C:\Windows\SYSTEM32\POWRPROF.dll
0x00007ff82f9c0000 - 0x00007ff82f9c9000 	C:\Windows\SYSTEM32\WSOCK32.dll
0x00007ff836290000 - 0x00007ff8362fb000 	C:\Windows\System32\WS2_32.dll
0x00007ff82a600000 - 0x00007ff82a627000 	C:\Windows\SYSTEM32\WINMM.dll
0x00007ff82b4a0000 - 0x00007ff82b4aa000 	C:\Windows\SYSTEM32\VERSION.dll
0x00007ff833330000 - 0x00007ff833342000 	C:\Windows\SYSTEM32\UMPDC.dll
0x00007ff832790000 - 0x00007ff8327a2000 	C:\Windows\SYSTEM32\kernel.appcore.dll
0x00007ff82b410000 - 0x00007ff82b41a000 	c:\Users\Jose\.vscode\extensions\redhat.java-1.24.0-win32-x64\jre\17.0.8.1-win32-x86_64\bin\jimage.dll
0x00007ff831cb0000 - 0x00007ff831e94000 	C:\Windows\SYSTEM32\DBGHELP.DLL
0x00007ff82b700000 - 0x00007ff82b734000 	C:\Windows\SYSTEM32\dbgcore.DLL
0x00007ff8347d0000 - 0x00007ff834852000 	C:\Windows\System32\bcryptPrimitives.dll
0x00007ff827f10000 - 0x00007ff827f35000 	c:\Users\Jose\.vscode\extensions\redhat.java-1.24.0-win32-x64\jre\17.0.8.1-win32-x86_64\bin\java.dll
0x00007ff82ab90000 - 0x00007ff82aba8000 	c:\Users\Jose\.vscode\extensions\redhat.java-1.24.0-win32-x64\jre\17.0.8.1-win32-x86_64\bin\zip.dll
0x00007ff834e70000 - 0x00007ff8355b4000 	C:\Windows\System32\SHELL32.dll
0x00007ff831fb0000 - 0x00007ff83274b000 	C:\Windows\SYSTEM32\windows.storage.dll
0x00007ff835f10000 - 0x00007ff836264000 	C:\Windows\System32\combase.dll
0x00007ff833950000 - 0x00007ff83397d000 	C:\Windows\SYSTEM32\Wldp.dll
0x00007ff835e30000 - 0x00007ff835edd000 	C:\Windows\System32\SHCORE.dll
0x00007ff8364b0000 - 0x00007ff836505000 	C:\Windows\System32\shlwapi.dll
0x00007ff833e40000 - 0x00007ff833e65000 	C:\Windows\SYSTEM32\profapi.dll
0x00007ff82a960000 - 0x00007ff82a979000 	C:\Users\Jose\.vscode\extensions\redhat.java-1.24.0-win32-x64\jre\17.0.8.1-win32-x86_64\bin\net.dll
0x00007ff82c240000 - 0x00007ff82c34a000 	C:\Windows\SYSTEM32\WINHTTP.dll
0x00007ff8336b0000 - 0x00007ff83371a000 	C:\Windows\system32\mswsock.dll
0x00007ff828a00000 - 0x00007ff828a15000 	C:\Users\Jose\.vscode\extensions\redhat.java-1.24.0-win32-x64\jre\17.0.8.1-win32-x86_64\bin\nio.dll
0x00007ff8338a0000 - 0x00007ff8338b8000 	C:\Windows\SYSTEM32\CRYPTSP.dll
0x00007ff832f70000 - 0x00007ff832fa4000 	C:\Windows\system32\rsaenh.dll
0x00007ff834860000 - 0x00007ff834887000 	C:\Windows\System32\bcrypt.dll
0x00007ff833dc0000 - 0x00007ff833dee000 	C:\Windows\SYSTEM32\USERENV.dll
0x00007ff8338c0000 - 0x00007ff8338cc000 	C:\Windows\SYSTEM32\CRYPTBASE.dll
0x00007ff833350000 - 0x00007ff83338b000 	C:\Windows\SYSTEM32\IPHLPAPI.DLL
0x00007ff8365e0000 - 0x00007ff8365e8000 	C:\Windows\System32\NSI.dll
0x00007ff82c7d0000 - 0x00007ff82c7e7000 	C:\Windows\SYSTEM32\dhcpcsvc6.DLL
0x00007ff82e8f0000 - 0x00007ff82e90d000 	C:\Windows\SYSTEM32\dhcpcsvc.DLL
0x00007ff833390000 - 0x00007ff83345a000 	C:\Windows\SYSTEM32\DNSAPI.dll
0x00007ff82ae60000 - 0x00007ff82ae70000 	c:\Users\Jose\.vscode\extensions\redhat.java-1.24.0-win32-x64\jre\17.0.8.1-win32-x86_64\bin\verify.dll
0x00007ff82ade0000 - 0x00007ff82ade9000 	C:\Users\Jose\.vscode\extensions\redhat.java-1.24.0-win32-x64\jre\17.0.8.1-win32-x86_64\bin\management.dll
0x00007ff82acd0000 - 0x00007ff82acdb000 	C:\Users\Jose\.vscode\extensions\redhat.java-1.24.0-win32-x64\jre\17.0.8.1-win32-x86_64\bin\management_ext.dll
0x00007ff834dc0000 - 0x00007ff834dc8000 	C:\Windows\System32\PSAPI.DLL
0x00007ff82ab20000 - 0x00007ff82ab2e000 	C:\Users\Jose\.vscode\extensions\redhat.java-1.24.0-win32-x64\jre\17.0.8.1-win32-x86_64\bin\sunmscapi.dll
0x00007ff8343f0000 - 0x00007ff83454d000 	C:\Windows\System32\CRYPT32.dll
0x00007ff8339c0000 - 0x00007ff8339e7000 	C:\Windows\SYSTEM32\ncrypt.dll
0x00007ff833980000 - 0x00007ff8339bb000 	C:\Windows\SYSTEM32\NTASN1.dll
0x00007ff829da0000 - 0x00007ff829daa000 	C:\Windows\System32\rasadhlp.dll
0x00007ff829f00000 - 0x00007ff829f80000 	C:\Windows\System32\fwpuclnt.dll

dbghelp: loaded successfully - version: 4.0.5 - missing functions: none
symbol engine: initialized successfully - sym options: 0x614 - pdb path: .;c:\Users\Jose\.vscode\extensions\redhat.java-1.24.0-win32-x64\jre\17.0.8.1-win32-x86_64\bin;C:\Windows\SYSTEM32;C:\Windows\WinSxS\amd64_microsoft.windows.common-controls_6595b64144ccf1df_6.0.19041.3636_none_60b6a03d71f818d5;c:\Users\Jose\.vscode\extensions\redhat.java-1.24.0-win32-x64\jre\17.0.8.1-win32-x86_64\bin\server

VM Arguments:
jvm_args: -XX:+HeapDumpOnOutOfMemoryError -Xmx1024m -Dsts.lsp.client=vscode -Dsts.log.file=/dev/null -XX:TieredStopAtLevel=1 -Xlog:jni+resolve=off -Dspring.config.location=file:c:\Users\Jose\.vscode\extensions\vmware.vscode-spring-boot-1.50.0\language-server\BOOT-INF\classes\application.properties 
java_command: org.springframework.ide.vscode.boot.app.BootLanguageServerBootApp
java_class_path (initial): c:\Users\Jose\.vscode\extensions\vmware.vscode-spring-boot-1.50.0\language-server\BOOT-INF\classes;c:\Users\Jose\.vscode\extensions\vmware.vscode-spring-boot-1.50.0\language-server\BOOT-INF\lib\annotations-24.0.1.jar;c:\Users\Jose\.vscode\extensions\vmware.vscode-spring-boot-1.50.0\language-server\BOOT-INF\lib\antlr-runtime-3.5.3.jar;c:\Users\Jose\.vscode\extensions\vmware.vscode-spring-boot-1.50.0\language-server\BOOT-INF\lib\antlr4-4.11.1.jar;c:\Users\Jose\.vscode\extensions\vmware.vscode-spring-boot-1.50.0\language-server\BOOT-INF\lib\antlr4-runtime-4.11.1.jar;c:\Users\Jose\.vscode\extensions\vmware.vscode-spring-boot-1.50.0\language-server\BOOT-INF\lib\archunit-1.1.0.jar;c:\Users\Jose\.vscode\extensions\vmware.vscode-spring-boot-1.50.0\language-server\BOOT-INF\lib\asm-9.5.jar;c:\Users\Jose\.vscode\extensions\vmware.vscode-spring-boot-1.50.0\language-server\BOOT-INF\lib\asm-analysis-9.5.jar;c:\Users\Jose\.vscode\extensions\vmware.vscode-spring-boot-1.50.0\language-server\BOOT-INF\lib\asm-tree-9.5.jar;c:\Users\Jose\.vscode\extensions\vmware.vscode-spring-boot-1.50.0\language-server\BOOT-INF\lib\asm-util-9.5.jar;c:\Users\Jose\.vscode\extensions\vmware.vscode-spring-boot-1.50.0\language-server\BOOT-INF\lib\bosh-language-server-1.50.0-SNAPSHOT.jar;c:\Users\Jose\.vscode\extensions\vmware.vscode-spring-boot-1.50.0\language-server\BOOT-INF\lib\caffeine-3.1.8.jar;c:\Users\Jose\.vscode\extensions\vmware.vscode-spring-boot-1.50.0\language-server\BOOT-INF\lib\checker-qual-3.12.0.jar;c:\Users\Jose\.vscode\extensions\vmware.vscode-spring-boot-1.50.0\language-server\BOOT-INF\lib\classgraph-4.8.149.jar;c:\Users\Jose\.vscode\extensions\vmware.vscode-spring-boot-1.50.0\language-server\BOOT-INF\lib\commons-codec-1.15.jar;c:\Users\Jose\.vscode\extensions\vmware.vscode-spring-boot-1.50.0\language-server\BOOT-INF\lib\commons-compress-1.24.0.jar;c:\Users\Jose\.vscode\extensions\vmware.vscode-spring-boot-1.50.0\language-server\BOOT-INF\lib\commons-io-2.4.ja
Launcher Type: SUN_STANDARD

[Global flags]
     intx CICompilerCount                          = 4                                         {product} {ergonomic}
     uint ConcGCThreads                            = 2                                         {product} {ergonomic}
     uint G1ConcRefinementThreads                  = 8                                         {product} {ergonomic}
   size_t G1HeapRegionSize                         = 1048576                                   {product} {ergonomic}
    uintx GCDrainStackTargetSize                   = 64                                        {product} {ergonomic}
     bool HeapDumpOnOutOfMemoryError               = true                                   {manageable} {command line}
   size_t InitialHeapSize                          = 266338304                                 {product} {ergonomic}
   size_t MarkStackSize                            = 4194304                                   {product} {ergonomic}
   size_t MaxHeapSize                              = 1073741824                                {product} {command line}
   size_t MaxNewSize                               = 643825664                                 {product} {ergonomic}
   size_t MinHeapDeltaBytes                        = 1048576                                   {product} {ergonomic}
   size_t MinHeapSize                              = 8388608                                   {product} {ergonomic}
    uintx NonProfiledCodeHeapSize                  = 0                                      {pd product} {ergonomic}
     bool ProfileInterpreter                       = false                                  {pd product} {command line}
    uintx ProfiledCodeHeapSize                     = 0                                      {pd product} {ergonomic}
   size_t SoftMaxHeapSize                          = 1073741824                             {manageable} {ergonomic}
     intx TieredStopAtLevel                        = 1                                         {product} {command line}
     bool UseCompressedClassPointers               = true                           {product lp64_product} {ergonomic}
     bool UseCompressedOops                        = true                           {product lp64_product} {ergonomic}
     bool UseG1GC                                  = true                                      {product} {ergonomic}
     bool UseLargePagesIndividualAllocation        = false                                  {pd product} {ergonomic}

Logging:
Log output configuration:
 #0: stdout all=warning,jni+resolve=off uptime,level,tags
 #1: stderr all=off uptime,level,tags

Environment Variables:
JAVA_HOME=C:\Program Files\Java\zulu17.44.15-ca-jdk17.0.8-win_x64
PATH=C:\Program Files (x86)\Common Files\Oracle\Java\javapath;C:\Program Files\Java\zulu17.44.15-ca-jdk17.0.8-win_x64\bin;C:\Windows\system32;C:\Windows;C:\Windows\System32\Wbem;C:\Windows\System32\WindowsPowerShell\v1.0\;C:\Windows\System32\OpenSSH\;C:\Program Files\Git\cmd;C:\Program Files\nodejs\;C:\Program Files\MySQL\MySQL Shell 8.0\bin\;C:\Users\Jose\AppData\Local\Microsoft\WindowsApps;C:\Users\Jose\AppData\Local\Programs\Microsoft VS Code\bin;C:\Users\Jose\AppData\Roaming\npm
USERNAME=Jose
OS=Windows_NT
PROCESSOR_IDENTIFIER=Intel64 Family 6 Model 142 Stepping 10, GenuineIntel
TMP=C:\Users\Jose\AppData\Local\Temp
TEMP=C:\Users\Jose\AppData\Local\Temp



---------------  S Y S T E M  ---------------

OS:
 Windows 10 , 64 bit Build 19041 (10.0.19041.3636)
OS uptime: 6 days 1:40 hours

CPU: total 8 (initial active 8) (4 cores per cpu, 2 threads per core) family 6 model 142 stepping 10 microcode 0xe0, cx8, cmov, fxsr, ht, mmx, 3dnowpref, sse, sse2, sse3, ssse3, sse4.1, sse4.2, popcnt, lzcnt, tsc, tscinvbit, avx, avx2, aes, erms, clmul, bmi1, bmi2, adx, fma, vzeroupper, clflush, clflushopt
Processor Information for all 8 processors :
  Max Mhz: 1800, Current Mhz: 1600, Mhz Limit: 1584

Memory: 4k page, system-wide physical 16248M (3239M free)
TotalPageFile size 33670M (AvailPageFile size 7M)
current process WorkingSet (physical memory assigned to process): 76M, peak: 363M
current process commit charge ("private bytes"): 288M, peak: 417M

vm_info: OpenJDK 64-Bit Server VM (17.0.8.1+1) for windows-amd64 JRE (17.0.8.1+1), built on Aug 23 2023 15:29:17 by "admin" with MS VC++ 16.7 (VS2019)

END.
